  stdafx.cpp
  ConcurrentServer.cpp
D:\Downloads\ConServ\ConcurrentServer\Global.h(86,3): warning C4996: 'strcpy': This function or variable may be unsafe. Consider using strcpy_s instead. To disable deprecation, use _CRT_SECURE_NO_WARNINGS. See online help for details.
D:\Downloads\ConServ\ConcurrentServer\Global.h(95,3): warning C4996: 'strcpy': This function or variable may be unsafe. Consider using strcpy_s instead. To disable deprecation, use _CRT_SECURE_NO_WARNINGS. See online help for details.
D:\Downloads\ConServ\ConcurrentServer\ServiceWorkTime.h(56,14): warning C4101: swt_name: неиспользованная локальная переменная
D:\Downloads\ConServ\ConcurrentServer\ServiceWorkTime.h(123,16): warning C4996: 'localtime': This function or variable may be unsafe. Consider using localtime_s instead. To disable deprecation, use _CRT_SECURE_NO_WARNINGS. See online help for details.
D:\Downloads\ConServ\ConcurrentServer\DispathServer.h(51,16): warning C4553: "==": результат выражения не используется; вы хотели использовать "="?
D:\Downloads\ConServ\ConcurrentServer\DispathServer.h(52,20): warning C4553: "==": результат выражения не используется; вы хотели использовать "="?
D:\Downloads\ConServ\ConcurrentServer\DispathServer.h(307,13): warning C4996: 'localtime': This function or variable may be unsafe. Consider using localtime_s instead. To disable deprecation, use _CRT_SECURE_NO_WARNINGS. See online help for details.
D:\Downloads\ConServ\ConcurrentServer\GarbageCleaner.h(18,40): warning C4996: 'inet_ntoa': Use inet_ntop() or InetNtop() instead or define _WINSOCK_DEPRECATED_NO_WARNINGS to disable deprecated API warnings
D:\Downloads\ConServ\ConcurrentServer\ConsolePipe.h(40,3): warning C4996: 'strcpy': This function or variable may be unsafe. Consider using strcpy_s instead. To disable deprecation, use _CRT_SECURE_NO_WARNINGS. See online help for details.
D:\Downloads\ConServ\ConcurrentServer\ConsolePipe.h(41,3): warning C4996: 'strcat': This function or variable may be unsafe. Consider using strcat_s instead. To disable deprecation, use _CRT_SECURE_NO_WARNINGS. See online help for details.
D:\Downloads\ConServ\ConcurrentServer\ConsolePipe.h(71,8): warning C4996: 'sprintf': This function or variable may be unsafe. Consider using sprintf_s instead. To disable deprecation, use _CRT_SECURE_NO_WARNINGS. See online help for details.
D:\Downloads\ConServ\ConcurrentServer\ConsolePipe.h(75,8): warning C4996: 'sprintf': This function or variable may be unsafe. Consider using sprintf_s instead. To disable deprecation, use _CRT_SECURE_NO_WARNINGS. See online help for details.
D:\Downloads\ConServ\ConcurrentServer\ConsolePipe.h(79,8): warning C4996: 'sprintf': This function or variable may be unsafe. Consider using sprintf_s instead. To disable deprecation, use _CRT_SECURE_NO_WARNINGS. See online help for details.
D:\Downloads\ConServ\ConcurrentServer\ConsolePipe.h(83,8): warning C4996: 'sprintf': This function or variable may be unsafe. Consider using sprintf_s instead. To disable deprecation, use _CRT_SECURE_NO_WARNINGS. See online help for details.
D:\Downloads\ConServ\ConcurrentServer\ConsolePipe.h(87,8): warning C4996: 'sprintf': This function or variable may be unsafe. Consider using sprintf_s instead. To disable deprecation, use _CRT_SECURE_NO_WARNINGS. See online help for details.
D:\Downloads\ConServ\ConcurrentServer\ConsolePipe.h(91,8): warning C4996: 'sprintf': This function or variable may be unsafe. Consider using sprintf_s instead. To disable deprecation, use _CRT_SECURE_NO_WARNINGS. See online help for details.
D:\Downloads\ConServ\ConcurrentServer\ConsolePipe.h(101,9): warning C4996: 'sprintf': This function or variable may be unsafe. Consider using sprintf_s instead. To disable deprecation, use _CRT_SECURE_NO_WARNINGS. See online help for details.
D:\Downloads\ConServ\ConcurrentServer\ConsolePipe.h(109,9): warning C4996: 'sprintf': This function or variable may be unsafe. Consider using sprintf_s instead. To disable deprecation, use _CRT_SECURE_NO_WARNINGS. See online help for details.
D:\Downloads\ConServ\ConcurrentServer\ConsolePipe.h(121,9): warning C4996: 'sprintf': This function or variable may be unsafe. Consider using sprintf_s instead. To disable deprecation, use _CRT_SECURE_NO_WARNINGS. See online help for details.
D:\Downloads\ConServ\ConcurrentServer\ConsolePipe.h(128,9): warning C4996: 'sprintf': This function or variable may be unsafe. Consider using sprintf_s instead. To disable deprecation, use _CRT_SECURE_NO_WARNINGS. See online help for details.
D:\Downloads\ConServ\ConcurrentServer\ConsolePipe.h(140,9): warning C4996: 'sprintf': This function or variable may be unsafe. Consider using sprintf_s instead. To disable deprecation, use _CRT_SECURE_NO_WARNINGS. See online help for details.
D:\Downloads\ConServ\ConcurrentServer\ConsolePipe.h(146,9): warning C4996: 'sprintf': This function or variable may be unsafe. Consider using sprintf_s instead. To disable deprecation, use _CRT_SECURE_NO_WARNINGS. See online help for details.
D:\Downloads\ConServ\ConcurrentServer\ConsolePipe.h(156,9): warning C4996: 'sprintf': This function or variable may be unsafe. Consider using sprintf_s instead. To disable deprecation, use _CRT_SECURE_NO_WARNINGS. See online help for details.
D:\Downloads\ConServ\ConcurrentServer\ConsolePipe.h(162,9): warning C4996: 'sprintf': This function or variable may be unsafe. Consider using sprintf_s instead. To disable deprecation, use _CRT_SECURE_NO_WARNINGS. See online help for details.
D:\Downloads\ConServ\ConcurrentServer\ConsolePipe.h(167,8): warning C4996: 'sprintf': This function or variable may be unsafe. Consider using sprintf_s instead. To disable deprecation, use _CRT_SECURE_NO_WARNINGS. See online help for details.
  ConcurrentServer.vcxproj -> D:\Downloads\ConServ\Debug\ConcurrentServer.exe
